build/app/intermediates/manifest_merge_blame_file/release/manifest-merger-blame-release-report.txt
1<?xml version="1.0" encoding="utf-8"?>
2<manifest xmlns:android="http://schemas.android.com/apk/res/android"
3    package="com.example.testing"
4    android:versionCode="1"
5    android:versionName="1.0.0" >
6
7    <uses-sdk
8        android:minSdkVersion="21"
8-->src\main\AndroidManifest.xml
9        android:targetSdkVersion="31" />
9-->src\main\AndroidManifest.xml
10
11    <uses-permission android:name="android.permission.INTERNET" />
11-->src\main\AndroidManifest.xml:4:4-66
11-->src\main\AndroidManifest.xml:4:21-63
12    <uses-permission android:name="android.permission.ACCESS_NETWORK_STATE" />
12-->src\main\AndroidManifest.xml:5:5-79
12-->src\main\AndroidManifest.xml:5:22-76
13
14    <queries>
14-->[:flutter_inappwebview] AndroidManifest.xml:7:5-11:15
15        <intent>
15-->[:flutter_inappwebview] AndroidManifest.xml:8:9-10:18
16            <action android:name="android.support.customtabs.action.CustomTabsService" />
16-->[:flutter_inappwebview] AndroidManifest.xml:9:13-90
16-->[:flutter_inappwebview] AndroidManifest.xml:9:21-87
17        </intent>
18    </queries>
19
20    <application
21        android:name="android.app.Application"
21-->src\main\AndroidManifest.xml:8:9-42
22        android:appComponentFactory="androidx.core.app.CoreComponentFactory"
22-->[androidx.core:core:1.6.0] AndroidManifest.xml:24:18-86
23        android:icon="@mipmap/ic_launcher"
23-->src\main\AndroidManifest.xml:9:9-43
24        android:label="testing" >
24-->src\main\AndroidManifest.xml:7:9-32
25        <activity
25-->src\main\AndroidManifest.xml:11:9-31:20
26            android:name="com.example.testing.MainActivity"
26-->src\main\AndroidManifest.xml:12:13-41
27            android:configChanges="orientation|keyboardHidden|keyboard|screenSize|smallestScreenSize|locale|layoutDirection|fontScale|screenLayout|density|uiMode"
27-->src\main\AndroidManifest.xml:16:13-163
28            android:exported="true"
28-->src\main\AndroidManifest.xml:13:13-36
29            android:hardwareAccelerated="true"
29-->src\main\AndroidManifest.xml:17:13-47
30            android:launchMode="singleTop"
30-->src\main\AndroidManifest.xml:14:13-43
31            android:theme="@style/LaunchTheme"
31-->src\main\AndroidManifest.xml:15:13-47
32            android:windowSoftInputMode="adjustResize" >
32-->src\main\AndroidManifest.xml:18:13-55
33
34            <!--
35                 Specifies an Android theme to apply to this Activity as soon as
36                 the Android process has started. This theme is visible to the user
37                 while the Flutter UI initializes. After that, this theme continues
38                 to determine the Window background behind the Flutter UI.
39            -->
40            <meta-data
40-->src\main\AndroidManifest.xml:23:13-26:17
41                android:name="io.flutter.embedding.android.NormalTheme"
41-->src\main\AndroidManifest.xml:24:15-70
42                android:resource="@style/NormalTheme" />
42-->src\main\AndroidManifest.xml:25:15-52
43
44            <intent-filter>
44-->src\main\AndroidManifest.xml:27:13-30:29
45                <action android:name="android.intent.action.MAIN" />
45-->src\main\AndroidManifest.xml:28:17-68
45-->src\main\AndroidManifest.xml:28:25-66
46
47                <category android:name="android.intent.category.LAUNCHER" />
47-->src\main\AndroidManifest.xml:29:17-76
47-->src\main\AndroidManifest.xml:29:27-74
48            </intent-filter>
49        </activity>
50        <!--
51             Don't delete the meta-data below.
52             This is used by the Flutter tool to generate GeneratedPluginRegistrant.java
53        -->
54        <meta-data
54-->src\main\AndroidManifest.xml:34:9-36:33
55            android:name="flutterEmbedding"
55-->src\main\AndroidManifest.xml:35:13-44
56            android:value="2" />
56-->src\main\AndroidManifest.xml:36:13-30
57
58        <activity
58-->[:flutter_inappwebview] AndroidManifest.xml:14:9-17:47
59            android:name="com.pichillilorenzo.flutter_inappwebview.in_app_browser.InAppBrowserActivity"
59-->[:flutter_inappwebview] AndroidManifest.xml:15:13-104
60            android:configChanges="orientation|keyboardHidden|keyboard|screenSize|locale|layoutDirection|fontScale|screenLayout|density"
60-->[:flutter_inappwebview] AndroidManifest.xml:16:13-137
61            android:theme="@style/AppTheme" />
61-->[:flutter_inappwebview] AndroidManifest.xml:17:13-44
62        <activity
62-->[:flutter_inappwebview] AndroidManifest.xml:18:9-20:55
63            android:name="com.pichillilorenzo.flutter_inappwebview.chrome_custom_tabs.ChromeCustomTabsActivity"
63-->[:flutter_inappwebview] AndroidManifest.xml:19:13-112
64            android:theme="@style/ThemeTransparent" />
64-->[:flutter_inappwebview] AndroidManifest.xml:20:13-52
65
66        <receiver android:name="com.pichillilorenzo.flutter_inappwebview.chrome_custom_tabs.ActionBroadcastReceiver" />
66-->[:flutter_inappwebview] AndroidManifest.xml:22:9-120
66-->[:flutter_inappwebview] AndroidManifest.xml:22:19-117
67
68        <meta-data
68-->[:flutter_inappwebview] AndroidManifest.xml:24:9-26:36
69            android:name="io.flutter.embedded_views_preview"
69-->[:flutter_inappwebview] AndroidManifest.xml:25:13-61
70            android:value="true" />
70-->[:flutter_inappwebview] AndroidManifest.xml:26:13-33
71
72        <uses-library
72-->[androidx.window:window:1.0.0-beta04] AndroidManifest.xml:25:9-27:40
73            android:name="androidx.window.extensions"
73-->[androidx.window:window:1.0.0-beta04] AndroidManifest.xml:26:13-54
74            android:required="false" />
74-->[androidx.window:window:1.0.0-beta04] AndroidManifest.xml:27:13-37
75        <uses-library
75-->[androidx.window:window:1.0.0-beta04] AndroidManifest.xml:28:9-30:40
76            android:name="androidx.window.sidecar"
76-->[androidx.window:window:1.0.0-beta04] AndroidManifest.xml:29:13-51
77            android:required="false" />
77-->[androidx.window:window:1.0.0-beta04] AndroidManifest.xml:30:13-37
78    </application>
79
80</manifest>